<?xml version="1.0" encoding="UTF-8"?>
<testsuite xmlns:xsi="http://www.w3.org/2001/XMLSchema-instance" xsi:noNamespaceSchemaLocation="https://maven.apache.org/surefire/maven-surefire-plugin/xsd/surefire-test-report.xsd" name="TestSuite" time="65.855" tests="2" errors="0" skipped="0" failures="0">
  <properties>
[...]
</properties>
  <testcase name="login" classname="com.ecommerce.stepDefinition.FlipkartTask" time="0.249"/>
  <testcase name="search" classname="com.ecommerce.stepDefinition.AmazonTask" time="6.202"/>
</testsuite>