<?xml version="1.0" encoding="UTF-8"?>
<testng-results ignored="0" total="2" passed="2" failed="0" skipped="0">
  <reporter-output>
  </reporter-output>
  <suite started-at="2022-12-26T06:23:13Z" name="Suite" finished-at="2022-12-26T06:24:18Z" duration-ms="64760">
    <groups>
    </groups>
    <test started-at="2022-12-26T06:23:13Z" name="Test" finished-at="2022-12-26T06:24:18Z" duration-ms="64760">
      <class name="com.ecommerce.stepDefinition.AmazonTask">
        <test-method is-config="true" signature="window()[pri:0, instance:com.ecommerce.stepDefinition.AmazonTask@21a947fe]" started-at="2022-12-26T06:24:03Z" name="window" finished-at="2022-12-26T06:24:10Z" duration-ms="6732" status="PASS">
          <reporter-output>
          </reporter-output>
        </test-method> <!-- window -->
        <test-method is-config="true" signature="startTime()[pri:0, instance:com.ecommerce.stepDefinition.AmazonTask@21a947fe]" started-at="2022-12-26T06:24:10Z" name="startTime" finished-at="2022-12-26T06:24:10Z" duration-ms="0" status="PASS">
          <reporter-output>
          </reporter-output>
        </test-method> <!-- startTime -->
        <test-method signature="search()[pri:1, instance:com.ecommerce.stepDefinition.AmazonTask@21a947fe]" started-at="2022-12-26T06:24:10Z" name="search" finished-at="2022-12-26T06:24:16Z" duration-ms="6202" status="PASS">
          <reporter-output>
          </reporter-output>
        </test-method> <!-- search -->
        <test-method is-config="true" signature="endTime()[pri:0, instance:com.ecommerce.stepDefinition.AmazonTask@21a947fe]" started-at="2022-12-26T06:24:16Z" name="endTime" finished-at="2022-12-26T06:24:16Z" duration-ms="1" status="PASS">
          <reporter-output>
          </reporter-output>
        </test-method> <!-- endTime -->
        <test-method is-config="true" signature="close()[pri:0, instance:com.ecommerce.stepDefinition.AmazonTask@21a947fe]" started-at="2022-12-26T06:24:16Z" name="close" finished-at="2022-12-26T06:24:18Z" duration-ms="1346" status="PASS">
          <reporter-output>
          </reporter-output>
        </test-method> <!-- close -->
      </class> <!-- com.ecommerce.stepDefinition.AmazonTask -->
      <class name="com.ecommerce.stepDefinition.FlipkartTask">
        <test-method is-config="true" signature="window()[pri:0, instance:com.ecommerce.stepDefinition.FlipkartTask@25359ed8]" started-at="2022-12-26T06:23:13Z" name="window" finished-at="2022-12-26T06:24:03Z" duration-ms="50169" status="PASS">
          <reporter-output>
          </reporter-output>
        </test-method> <!-- window -->
        <test-method is-config="true" signature="Start()[pri:0, instance:com.ecommerce.stepDefinition.FlipkartTask@25359ed8]" started-at="2022-12-26T06:24:03Z" name="Start" finished-at="2022-12-26T06:24:03Z" duration-ms="4" status="PASS">
          <reporter-output>
          </reporter-output>
        </test-method> <!-- Start -->
        <test-method signature="login()[pri:1, instance:com.ecommerce.stepDefinition.FlipkartTask@25359ed8]" started-at="2022-12-26T06:24:03Z" name="login" finished-at="2022-12-26T06:24:03Z" duration-ms="244" status="PASS">
          <reporter-output>
          </reporter-output>
        </test-method> <!-- login -->
        <test-method is-config="true" signature="end()[pri:0, instance:com.ecommerce.stepDefinition.FlipkartTask@25359ed8]" started-at="2022-12-26T06:24:03Z" name="end" finished-at="2022-12-26T06:24:03Z" duration-ms="1" status="PASS">
          <reporter-output>
          </reporter-output>
        </test-method> <!-- end -->
      </class> <!-- com.ecommerce.stepDefinition.FlipkartTask -->
    </test> <!-- Test -->
  </suite> <!-- Suite -->
</testng-results>
